Log file open, 05/21/20 14:04:07
LogWindows: Failed to load 'aqProf.dll' (GetLastError=126)
LogWindows: File 'aqProf.dll' does not exist
LogWindows: Failed to load 'VtuneApi.dll' (GetLastError=126)
LogWindows: File 'VtuneApi.dll' does not exist
LogWindows: Failed to load 'VtuneApi32e.dll' (GetLastError=126)
LogWindows: File 'VtuneApi32e.dll' does not exist
LogConsoleResponse: Display: Failed to find resolution value strings in scalability ini. Falling back to default.
LogInit: Display: Running engine for game: steam
LogPlatformFile: Not using cached read wrapper
LogTaskGraph: Started task graph with 5 named threads and 35 total threads with 3 sets of task threads.
LogStats: Stats thread started at 0.203241
LogD3D11RHI: Loaded GFSDK_Aftermath_Lib.x64.dll
LogICUInternationalization: ICU TimeZone Detection - Raw Offset: -5:00, Platform Override: ''
LogPluginManager: Mounting plugin Paper2D
LogPluginManager: Mounting plugin AISupport
LogPluginManager: Mounting plugin LightPropagationVolume
LogPluginManager: Mounting plugin ActorLayerUtilities
LogPluginManager: Mounting plugin AnimationSharing
LogPluginManager: Mounting plugin CLionSourceCodeAccess
LogPluginManager: Mounting plugin CodeLiteSourceCodeAccess
LogPluginManager: Mounting plugin GitSourceControl
LogPluginManager: Mounting plugin KDevelopSourceCodeAccess
LogPluginManager: Mounting plugin NullSourceCodeAccess
LogPluginManager: Mounting plugin PerforceSourceControl
LogPluginManager: Mounting plugin PlasticSourceControl
LogPluginManager: Mounting plugin SubversionSourceControl
LogPluginManager: Mounting plugin UObjectPlugin
LogPluginManager: Mounting plugin VisualStudioCodeSourceCodeAccess
LogPluginManager: Mounting plugin VisualStudioSourceCodeAccess
LogPluginManager: Mounting plugin XCodeSourceCodeAccess
LogPluginManager: Mounting plugin AssetManagerEditor
LogPluginManager: Mounting plugin CryptoKeys
LogPluginManager: Mounting plugin CurveEditorTools
LogPluginManager: Mounting plugin DataValidation
LogPluginManager: Mounting plugin FacialAnimation
LogPluginManager: Mounting plugin GameplayTagsEditor
LogPluginManager: Mounting plugin MacGraphicsSwitching
LogPluginManager: Mounting plugin MaterialAnalyzer
LogPluginManager: Mounting plugin MobileLauncherProfileWizard
LogPluginManager: Mounting plugin PluginBrowser
LogPluginManager: Mounting plugin SpeedTreeImporter
LogPluginManager: Mounting plugin DatasmithContent
LogPluginManager: Mounting plugin VariantManagerContent
LogPluginManager: Mounting plugin AlembicImporter
LogPluginManager: Mounting plugin AutomationUtils
LogPluginManager: Mounting plugin BackChannel
LogPluginManager: Mounting plugin CharacterAI
LogPluginManager: Mounting plugin GeometryCache
LogPluginManager: Mounting plugin PlatformCrypto
LogPluginManager: Mounting plugin ProxyLODPlugin
LogPluginManager: Mounting plugin SkeletalReduction
LogPluginManager: Mounting plugin MagicLeap
LogPluginManager: Mounting plugin MagicLeapMedia
LogPluginManager: Mounting plugin MLSDK
LogPluginManager: Mounting plugin AndroidMedia
LogPluginManager: Mounting plugin AvfMedia
LogPluginManager: Mounting plugin ImgMedia
LogPluginManager: Mounting plugin MediaCompositing
LogPluginManager: Mounting plugin MediaPlayerEditor
LogPluginManager: Mounting plugin WebMMedia
LogPluginManager: Mounting plugin WmfMedia
LogPluginManager: Mounting plugin TcpMessaging
LogPluginManager: Mounting plugin UdpMessaging
LogPluginManager: Mounting plugin ActorSequence
LogPluginManager: Mounting plugin LevelSequenceEditor
LogPluginManager: Mounting plugin MatineeToLevelSequence
LogPluginManager: Mounting plugin NetcodeUnitTest
LogPluginManager: Mounting plugin NUTUnrealEngine4
LogPluginManager: Mounting plugin OnlineSubsystemGooglePlay
LogPluginManager: Mounting plugin OnlineSubsystemIOS
LogPluginManager: Mounting plugin OnlineSubsystem
LogPluginManager: Mounting plugin OnlineSubsystemNull
LogPluginManager: Mounting plugin OnlineSubsystemSteam
LogPluginManager: Mounting plugin OnlineSubsystemUtils
LogPluginManager: Mounting plugin LauncherChunkInstaller
LogPluginManager: Mounting plugin AndroidDeviceProfileSelector
LogPluginManager: Mounting plugin AndroidMoviePlayer
LogPluginManager: Mounting plugin AndroidPermission
LogPluginManager: Mounting plugin AppleImageUtils
LogPluginManager: Mounting plugin AppleMoviePlayer
LogPluginManager: Mounting plugin ArchVisCharacter
LogPluginManager: Mounting plugin AssetTags
LogPluginManager: Mounting plugin AudioCapture
LogPluginManager: Mounting plugin CableComponent
LogPluginManager: Mounting plugin CustomMeshComponent
LogPluginManager: Mounting plugin EditableMesh
LogPluginManager: Mounting plugin ExampleDeviceProfileSelector
LogPluginManager: Mounting plugin GoogleCloudMessaging
LogPluginManager: Mounting plugin IOSDeviceProfileSelector
LogPluginManager: Mounting plugin LinuxDeviceProfileSelector
LogPluginManager: Mounting plugin LocationServicesBPLibrary
LogPluginManager: Mounting plugin MobilePatchingUtils
LogPluginManager: Mounting plugin OculusVR
LogPluginManager: Mounting plugin PhysXVehicles
LogPluginManager: Mounting plugin PostSplashScreen
LogPluginManager: Mounting plugin ProceduralMeshComponent
LogPluginManager: Mounting plugin RuntimePhysXCooking
LogPluginManager: Mounting plugin SignificanceManager
LogPluginManager: Mounting plugin SteamShared
LogPluginManager: Mounting plugin SteamVR
LogPluginManager: Mounting plugin WebMMoviePlayer
LogPluginManager: Mounting plugin WindowsMoviePlayer
LogPluginManager: Mounting plugin ScreenshotTools
LogPluginManager: Mounting plugin AdvancedSessions
LogPluginManager: Mounting plugin AdvancedSteamSessions
LogInit: Using libcurl 7.55.1-DEV
LogInit:  - built for x86_64-pc-win32
LogInit:  - supports SSL with OpenSSL/1.1.1
LogInit:  - supports HTTP deflate (compression) using libz 1.2.8
LogInit:  - other features:
LogInit:      CURL_VERSION_SSL
LogInit:      CURL_VERSION_LIBZ
LogInit:      CURL_VERSION_IPV6
LogInit:      CURL_VERSION_ASYNCHDNS
LogInit:      CURL_VERSION_LARGEFILE
LogInit:      CURL_VERSION_IDN
LogInit:  CurlRequestOptions (configurable via config and command line):
LogInit:  - bVerifyPeer = true  - Libcurl will verify peer certificate
LogInit:  - bUseHttpProxy = false  - Libcurl will NOT use HTTP proxy
LogInit:  - bDontReuseConnections = false  - Libcurl will reuse connections
LogInit:  - MaxHostConnections = 16  - Libcurl will limit the number of connections to a host
LogInit:  - LocalHostAddr = Default
LogInit:  - BufferSize = 65536
LogSteamShared: Display: Loading Steam SDK 1.46
LogSteamShared: Steam SDK Loaded!
LogOnline: OSS: Creating online subsystem instance for: Steam
LogSteamShared: Warning: SteamAPI failed to initialize, conditions not met.
LogOnline: Warning: STEAM: Steamworks: SteamUtils() failed!
LogOnline: Warning: STEAM: Steamworks: SteamUser() failed!
LogOnline: Warning: STEAM: Steamworks: SteamFriends() failed!
LogOnline: Warning: STEAM: Steamworks: SteamRemoteStorage() failed!
LogOnline: Warning: STEAM: Steamworks: SteamUserStats() failed!
LogOnline: Warning: STEAM: Steamworks: SteamMatchmakingServers() failed!
LogOnline: Warning: STEAM: Steamworks: SteamApps() failed!
LogOnline: Warning: STEAM: Steamworks: SteamNetworking() failed!
LogOnline: Warning: STEAM: Steamworks: SteamMatchmaking() failed!
LogOnline: STEAM: [AppId: 0] Client API initialized 0
LogOnline: Display: STEAM: OnlineSubsystemSteam::Shutdown()
LogOnline: Warning: STEAM: Steam API failed to initialize!
LogOnline: Display: STEAM: OnlineSubsystemSteam::Shutdown()
LogOnline: OSS: Unable to create OnlineSubsystem module Steam
LogOnline: OSS: Creating online subsystem instance for: NULL
LogInit: WinSock: version 1.1 (2.2), MaxSocks=32767, MaxUdp=65467
LogOnline: OSS: TryLoadSubsystemAndSetDefault: Loaded subsystem for module [NULL]
LogInit: Build: ++UE4+Release-4.24-CL-11590370
LogInit: Engine Version: 4.24.3-11590370+++UE4+Release-4.24
LogInit: Compatible Engine Version: 4.24.0-10570792+++UE4+Release-4.24
LogInit: Net CL: 10570792
LogInit: OS: Windows 10 (Release 1909) (), CPU: Intel(R) Core(TM) i7-8700K CPU @ 3.70GHz, GPU: NVIDIA GeForce GTX 1070
LogInit: Compiled (64-bit): Feb 24 2020 15:39:18
LogInit: Compiled with Visual C++: 19.16.27032.01
LogInit: Build Configuration: Development
LogInit: Branch Name: ++UE4+Release-4.24
LogInit: Command Line:  /Game/Maps/MainMenu -game -PIEVIACONSOLE -ResX=1280 -ResY=720 -Multiprocess -messaging -SessionName="Play in Standalone Game" -windowed
LogInit: Base Directory: D:/Program Files (x86)/UE_4.24/Engine/Binaries/Win64/
LogInit: Installed Engine Build: 1
LogDevObjectVersion: Number of dev versions registered: 25
LogDevObjectVersion:   Dev-Blueprints (B0D832E4-1F89-4F0D-ACCF-7EB736FD4AA2): 10
LogDevObjectVersion:   Dev-Build (E1C64328-A22C-4D53-A36C-8E866417BD8C): 0
LogDevObjectVersion:   Dev-Core (375EC13C-06E4-48FB-B500-84F0262A717E): 3
LogDevObjectVersion:   Dev-Editor (E4B068ED-F494-42E9-A231-DA0B2E46BB41): 37
LogDevObjectVersion:   Dev-Framework (CFFC743F-43B0-4480-9391-14DF171D2073): 36
LogDevObjectVersion:   Dev-Mobile (B02B49B5-BB20-44E9-A304-32B752E40360): 2
LogDevObjectVersion:   Dev-Networking (A4E4105C-59A1-49B5-A7C5-40C4547EDFEE): 0
LogDevObjectVersion:   Dev-Online (39C831C9-5AE6-47DC-9A44-9C173E1C8E7C): 0
LogDevObjectVersion:   Dev-Physics (78F01B33-EBEA-4F98-B9B4-84EACCB95AA2): 2
LogDevObjectVersion:   Dev-Platform (6631380F-2D4D-43E0-8009-CF276956A95A): 0
LogDevObjectVersion:   Dev-Rendering (12F88B9F-8875-4AFC-A67C-D90C383ABD29): 36
LogDevObjectVersion:   Dev-Sequencer (7B5AE74C-D270-4C10-A958-57980B212A5A): 11
LogDevObjectVersion:   Dev-VR (D7296918-1DD6-4BDD-9DE2-64A83CC13884): 2
LogDevObjectVersion:   Dev-LoadTimes (C2A15278-BFE7-4AFE-6C17-90FF531DF755): 1
LogDevObjectVersion:   Private-Geometry (6EACA3D4-40EC-4CC1-B786-8BED09428FC5): 3
LogDevObjectVersion:   Dev-AnimPhys (29E575DD-E0A3-4627-9D10-D276232CDCEA): 17
LogDevObjectVersion:   Dev-Anim (AF43A65D-7FD3-4947-9873-3E8ED9C1BB05): 2
LogDevObjectVersion:   Dev-ReflectionCapture (6B266CEC-1EC7-4B8F-A30B-E4D90942FC07): 1
LogDevObjectVersion:   Dev-Automation (0DF73D61-A23F-47EA-B727-89E90C41499A): 1
LogDevObjectVersion:   FortniteMain (601D1886-AC64-4F84-AA16-D3DE0DEAC7D6): 31
LogDevObjectVersion:   Dev-Enterprise (9DFFBCD6-494F-0158-E221-12823C92A888): 8
LogDevObjectVersion:   Dev-Niagara (F2AED0AC-9AFE-416F-8664-AA7FFA26D6FC): 1
LogDevObjectVersion:   Dev-Destruction (174F1F0B-B4C6-45A5-B13F-2EE8D0FB917D): 9
LogDevObjectVersion:   Dev-Physics-Ext (35F94A83-E258-406C-A318-09F59610247C): 8
LogDevObjectVersion:   Dev-CineCamera (B2E18506-4273-CFC2-A54E-F4BB758BBA07): 1
LogInit: Presizing for max 25165824 objects, including 0 objects not considered by GC, pre-allocating 0 bytes for permanent pool.
LogInit: Object subsystem initialized
LogConfig: Setting CVar [[con.DebugEarlyDefault:1]]
LogConfig: Setting CVar [[r.setres:1280x720]]
[2020.05.21-18.04.07:579][  0]LogConfig: Setting CVar [[con.DebugEarlyDefault:1]]
[2020.05.21-18.04.07:579][  0]LogConfig: Setting CVar [[r.setres:1280x720]]
[2020.05.21-18.04.07:579][  0]LogConfig: Applying CVar settings from Section [/Script/Engine.RendererSettings] File [D:/Users/matth/Documents/Unreal Projects/steam/Saved/Config/Windows/Engine.ini]
[2020.05.21-18.04.07:579][  0]LogConfig: Setting CVar [[r.GPUCrashDebugging:0]]
[2020.05.21-18.04.07:579][  0]LogConfig: Applying CVar settings from Section [/Script/Engine.RendererOverrideSettings] File [D:/Users/matth/Documents/Unreal Projects/steam/Saved/Config/Windows/Engine.ini]
[2020.05.21-18.04.07:579][  0]LogConfig: Applying CVar settings from Section [/Script/Engine.StreamingSettings] File [D:/Users/matth/Documents/Unreal Projects/steam/Saved/Config/Windows/Engine.ini]
[2020.05.21-18.04.07:579][  0]LogConfig: Setting CVar [[s.MinBulkDataSizeForAsyncLoading:131072]]
[2020.05.21-18.04.07:579][  0]LogConfig: Setting CVar [[s.AsyncLoadingThreadEnabled:0]]
[2020.05.21-18.04.07:579][  0]LogConfig: Setting CVar [[s.EventDrivenLoaderEnabled:1]]
[2020.05.21-18.04.07:579][  0]LogConfig: Setting CVar [[s.WarnIfTimeLimitExceeded:0]]
[2020.05.21-18.04.07:579][  0]LogConfig: Setting CVar [[s.TimeLimitExceededMultiplier:1.5]]
[2020.05.21-18.04.07:579][  0]LogConfig: Setting CVar [[s.TimeLimitExceededMinTime:0.005]]
[2020.05.21-18.04.07:579][  0]LogConfig: Setting CVar [[s.UseBackgroundLevelStreaming:1]]
[2020.05.21-18.04.07:579][  0]LogConfig: Setting CVar [[s.PriorityAsyncLoadingExtraTime:15.0]]
[2020.05.21-18.04.07:579][  0]LogConfig: Setting CVar [[s.LevelStreamingActorsUpdateTimeLimit:5.0]]
[2020.05.21-18.04.07:579][  0]LogConfig: Setting CVar [[s.PriorityLevelStreamingActorsUpdateExtraTime:5.0]]
[2020.05.21-18.04.07:579][  0]LogConfig: Setting CVar [[s.LevelStreamingComponentsRegistrationGranularity:10]]
[2020.05.21-18.04.07:579][  0]LogConfig: Setting CVar [[s.UnregisterComponentsTimeLimit:1.0]]
[2020.05.21-18.04.07:579][  0]LogConfig: Setting CVar [[s.LevelStreamingComponentsUnregistrationGranularity:5]]
[2020.05.21-18.04.07:579][  0]LogConfig: Setting CVar [[s.FlushStreamingOnExit:1]]
[2020.05.21-18.04.07:579][  0]LogConfig: Applying CVar settings from Section [/Script/Engine.GarbageCollectionSettings] File [D:/Users/matth/Documents/Unreal Projects/steam/Saved/Config/Windows/Engine.ini]
[2020.05.21-18.04.07:579][  0]LogConfig: Setting CVar [[gc.MaxObjectsNotConsideredByGC:1]]
[2020.05.21-18.04.07:579][  0]LogConfig: Setting CVar [[gc.SizeOfPermanentObjectPool:0]]
[2020.05.21-18.04.07:579][  0]LogConfig: Setting CVar [[gc.FlushStreamingOnGC:0]]
[2020.05.21-18.04.07:579][  0]LogConfig: Setting CVar [[gc.NumRetriesBeforeForcingGC:10]]
[2020.05.21-18.04.07:579][  0]LogConfig: Setting CVar [[gc.AllowParallelGC:1]]
[2020.05.21-18.04.07:579][  0]LogConfig: Setting CVar [[gc.TimeBetweenPurgingPendingKillObjects:61.1]]
[2020.05.21-18.04.07:579][  0]LogConfig: Setting CVar [[gc.MaxObjectsInEditor:25165824]]
[2020.05.21-18.04.07:579][  0]LogConfig: Setting CVar [[gc.IncrementalBeginDestroyEnabled:1]]
[2020.05.21-18.04.07:579][  0]LogConfig: Setting CVar [[gc.CreateGCClusters:1]]
[2020.05.21-18.04.07:579][  0]LogConfig: Setting CVar [[gc.MinGCClusterSize:5]]
[2020.05.21-18.04.07:579][  0]LogConfig: Setting CVar [[gc.ActorClusteringEnabled:0]]
[2020.05.21-18.04.07:579][  0]LogConfig: Setting CVar [[gc.BlueprintClusteringEnabled:0]]
[2020.05.21-18.04.07:579][  0]LogConfig: Setting CVar [[gc.UseDisregardForGCOnDedicatedServers:0]]
[2020.05.21-18.04.07:579][  0]LogConfig: Applying CVar settings from Section [/Script/Engine.NetworkSettings] File [D:/Users/matth/Documents/Unreal Projects/steam/Saved/Config/Windows/Engine.ini]
[2020.05.21-18.04.07:579][  0]LogConfig: Applying CVar settings from Section [/Script/UnrealEd.CookerSettings] File [D:/Users/matth/Documents/Unreal Projects/steam/Saved/Config/Windows/Engine.ini]
[2020.05.21-18.04.07:584][  0]LogConfig: Applying CVar settings from Section [ViewDistanceQuality@3] File [D:/Users/matth/Documents/Unreal Projects/steam/Saved/Config/Windows/Scalability.ini]
[2020.05.21-18.04.07:584][  0]LogConfig: Setting CVar [[r.SkeletalMeshLODBias:0]]
[2020.05.21-18.04.07:584][  0]LogConfig: Setting CVar [[r.ViewDistanceScale:1.0]]
[2020.05.21-18.04.07:584][  0]LogConfig: Applying CVar settings from Section [AntiAliasingQuality@3] File [D:/Users/matth/Documents/Unreal Projects/steam/Saved/Config/Windows/Scalability.ini]
[2020.05.21-18.04.07:584][  0]LogConfig: Setting CVar [[r.PostProcessAAQuality:4]]
[2020.05.21-18.04.07:584][  0]LogConfig: Applying CVar settings from Section [ShadowQuality@3] File [D:/Users/matth/Documents/Unreal Projects/steam/Saved/Config/Windows/Scalability.ini]
[2020.05.21-18.04.07:584][  0]LogConfig: Setting CVar [[r.LightFunctionQuality:1]]
[2020.05.21-18.04.07:584][  0]LogConfig: Setting CVar [[r.ShadowQuality:5]]
[2020.05.21-18.04.07:584][  0]LogConfig: Setting CVar [[r.Shadow.CSM.MaxCascades:10]]
[2020.05.21-18.04.07:584][  0]LogConfig: Setting CVar [[r.Shadow.MaxResolution:2048]]
[2020.05.21-18.04.07:584][  0]LogConfig: Setting CVar [[r.Shadow.MaxCSMResolution:2048]]
[2020.05.21-18.04.07:584][  0]LogConfig: Setting CVar [[r.Shadow.RadiusThreshold:0.01]]
[2020.05.21-18.04.07:584][  0]LogConfig: Setting CVar [[r.Shadow.DistanceScale:1.0]]
[2020.05.21-18.04.07:584][  0]LogConfig: Setting CVar [[r.Shadow.CSM.TransitionScale:1.0]]
[2020.05.21-18.04.07:584][  0]LogConfig: Setting CVar [[r.Shadow.PreShadowResolutionFactor:1.0]]
[2020.05.21-18.04.07:584][  0]LogConfig: Setting CVar [[r.DistanceFieldShadowing:1]]
[2020.05.21-18.04.07:584][  0]LogConfig: Setting CVar [[r.DistanceFieldAO:1]]
[2020.05.21-18.04.07:584][  0]LogConfig: Setting CVar [[r.AOQuality:2]]
[2020.05.21-18.04.07:584][  0]LogConfig: Setting CVar [[r.VolumetricFog:1]]
[2020.05.21-18.04.07:584][  0]LogConfig: Setting CVar [[r.VolumetricFog.GridPixelSize:8]]
[2020.05.21-18.04.07:584][  0]LogConfig: Setting CVar [[r.VolumetricFog.GridSizeZ:128]]
[2020.05.21-18.04.07:584][  0]LogConfig: Setting CVar [[r.VolumetricFog.HistoryMissSupersampleCount:4]]
[2020.05.21-18.04.07:584][  0]LogConfig: Setting CVar [[r.LightMaxDrawDistanceScale:1]]
[2020.05.21-18.04.07:584][  0]LogConfig: Setting CVar [[r.CapsuleShadows:1]]
[2020.05.21-18.04.07:584][  0]LogConfig: Applying CVar settings from Section [PostProcessQuality@3] File [D:/Users/matth/Documents/Unreal Projects/steam/Saved/Config/Windows/Scalability.ini]
[2020.05.21-18.04.07:584][  0]LogConfig: Setting CVar [[r.MotionBlurQuality:4]]
[2020.05.21-18.04.07:584][  0]LogConfig: Setting CVar [[r.AmbientOcclusionMipLevelFactor:0.4]]
[2020.05.21-18.04.07:584][  0]LogConfig: Setting CVar [[r.AmbientOcclusionMaxQuality:100]]
[2020.05.21-18.04.07:584][  0]LogConfig: Setting CVar [[r.AmbientOcclusionLevels:-1]]
[2020.05.21-18.04.07:584][  0]LogConfig: Setting CVar [[r.AmbientOcclusionRadiusScale:1.0]]
[2020.05.21-18.04.07:584][  0]LogConfig: Setting CVar [[r.DepthOfFieldQuality:2]]
[2020.05.21-18.04.07:584][  0]LogConfig: Setting CVar [[r.RenderTargetPoolMin:400]]
[2020.05.21-18.04.07:584][  0]LogConfig: Setting CVar [[r.LensFlareQuality:2]]
[2020.05.21-18.04.07:584][  0]LogConfig: Setting CVar [[r.SceneColorFringeQuality:1]]
[2020.05.21-18.04.07:584][  0]LogConfig: Setting CVar [[r.EyeAdaptationQuality:2]]
[2020.05.21-18.04.07:584][  0]LogConfig: Setting CVar [[r.BloomQuality:5]]
[2020.05.21-18.04.07:584][  0]LogConfig: Setting CVar [[r.FastBlurThreshold:100]]
[2020.05.21-18.04.07:584][  0]LogConfig: Setting CVar [[r.Upscale.Quality:3]]
[2020.05.21-18.04.07:584][  0]LogConfig: Setting CVar [[r.Tonemapper.GrainQuantization:1]]
[2020.05.21-18.04.07:584][  0]LogConfig: Setting CVar [[r.LightShaftQuality:1]]
[2020.05.21-18.04.07:584][  0]LogConfig: Setting CVar [[r.Filter.SizeScale:1]]
[2020.05.21-18.04.07:584][  0]LogConfig: Setting CVar [[r.Tonemapper.Quality:5]]
[2020.05.21-18.04.07:584][  0]LogConfig: Setting CVar [[r.DOF.Gather.AccumulatorQuality:1        ; higher gathering accumulator quality]]
[2020.05.21-18.04.07:584][  0]LogConfig: Setting CVar [[r.DOF.Gather.PostfilterMethod:1          ; Median3x3 postfilering method]]
[2020.05.21-18.04.07:584][  0]LogConfig: Setting CVar [[r.DOF.Gather.EnableBokehSettings:0       ; no bokeh simulation when gathering]]
[2020.05.21-18.04.07:584][  0]LogConfig: Setting CVar [[r.DOF.Gather.RingCount:4                 ; medium number of samples when gathering]]
[2020.05.21-18.04.07:584][  0]LogConfig: Setting CVar [[r.DOF.Scatter.ForegroundCompositing:1    ; additive foreground scattering]]
[2020.05.21-18.04.07:584][  0]LogConfig: Setting CVar [[r.DOF.Scatter.BackgroundCompositing:2    ; additive background scattering]]
[2020.05.21-18.04.07:584][  0]LogConfig: Setting CVar [[r.DOF.Scatter.EnableBokehSettings:1      ; bokeh simulation when scattering]]
[2020.05.21-18.04.07:584][  0]LogConfig: Setting CVar [[r.DOF.Scatter.MaxSpriteRatio:0.1         ; only a maximum of 10% of scattered bokeh]]
[2020.05.21-18.04.07:584][  0]LogConfig: Setting CVar [[r.DOF.Recombine.Quality:1                ; cheap slight out of focus]]
[2020.05.21-18.04.07:584][  0]LogConfig: Setting CVar [[r.DOF.Recombine.EnableBokehSettings:0    ; no bokeh simulation on slight out of focus]]
[2020.05.21-18.04.07:584][  0]LogConfig: Setting CVar [[r.DOF.TemporalAAQuality:1                ; more stable temporal accumulation]]
[2020.05.21-18.04.07:584][  0]LogConfig: Setting CVar [[r.DOF.Kernel.MaxForegroundRadius:0.025]]
[2020.05.21-18.04.07:584][  0]LogConfig: Setting CVar [[r.DOF.Kernel.MaxBackgroundRadius:0.025]]
[2020.05.21-18.04.07:584][  0]LogConfig: Applying CVar settings from Section [TextureQuality@3] File [D:/Users/matth/Documents/Unreal Projects/steam/Saved/Config/Windows/Scalability.ini]
[2020.05.21-18.04.07:585][  0]LogConfig: Setting CVar [[r.Streaming.MipBias:0]]
[2020.05.21-18.04.07:585][  0]LogConfig: Setting CVar [[r.Streaming.AmortizeCPUToGPUCopy:0]]
[2020.05.21-18.04.07:585][  0]LogConfig: Setting CVar [[r.Streaming.MaxNumTexturesToStreamPerFrame:0]]
[2020.05.21-18.04.07:585][  0]LogConfig: Setting CVar [[r.Streaming.Boost:1]]
[2020.05.21-18.04.07:585][  0]LogConfig: Setting CVar [[r.MaxAnisotropy:8]]
[2020.05.21-18.04.07:585][  0]LogConfig: Setting CVar [[r.VT.MaxAnisotropy:8]]
[2020.05.21-18.04.07:585][  0]LogConfig: Setting CVar [[r.Streaming.LimitPoolSizeToVRAM:0]]
[2020.05.21-18.04.07:585][  0]LogConfig: Setting CVar [[r.Streaming.PoolSize:1000]]
[2020.05.21-18.04.07:585][  0]LogConfig: Setting CVar [[r.Streaming.MaxEffectiveScreenSize:0]]
[2020.05.21-18.04.07:585][  0]LogConfig: Applying CVar settings from Section [EffectsQuality@3] File [D:/Users/matth/Documents/Unreal Projects/steam/Saved/Config/Windows/Scalability.ini]
[2020.05.21-18.04.07:585][  0]LogConfig: Setting CVar [[r.TranslucencyLightingVolumeDim:64]]
[2020.05.21-18.04.07:585][  0]LogConfig: Setting CVar [[r.RefractionQuality:2]]
[2020.05.21-18.04.07:585][  0]LogConfig: Setting CVar [[r.SSR.Quality:3]]
[2020.05.21-18.04.07:585][  0]LogConfig: Setting CVar [[r.SSR.HalfResSceneColor:0]]
[2020.05.21-18.04.07:585][  0]LogConfig: Setting CVar [[r.SceneColorFormat:4]]
[2020.05.21-18.04.07:585][  0]LogConfig: Setting CVar [[r.DetailMode:2]]
[2020.05.21-18.04.07:585][  0]LogConfig: Setting CVar [[r.TranslucencyVolumeBlur:1]]
[2020.05.21-18.04.07:585][  0]LogConfig: Setting CVar [[r.MaterialQualityLevel:1 ; High quality]]
[2020.05.21-18.04.07:585][  0]LogConfig: Setting CVar [[r.SSS.Scale:1]]
[2020.05.21-18.04.07:585][  0]LogConfig: Setting CVar [[r.SSS.SampleSet:2]]
[2020.05.21-18.04.07:585][  0]LogConfig: Setting CVar [[r.SSS.Quality:1]]
[2020.05.21-18.04.07:585][  0]LogConfig: Setting CVar [[r.SSS.HalfRes:1]]
[2020.05.21-18.04.07:585][  0]LogConfig: Setting CVar [[r.SSGI.Quality:3]]
[2020.05.21-18.04.07:585][  0]LogConfig: Setting CVar [[r.EmitterSpawnRateScale:1.0]]
[2020.05.21-18.04.07:585][  0]LogConfig: Setting CVar [[r.ParticleLightQuality:2]]
[2020.05.21-18.04.07:585][  0]LogConfig: Setting CVar [[r.SkyAtmosphere.AerialPerspectiveLUT.FastApplyOnOpaque:1 ; Always have FastSkyLUT 1 in this case to avoid wrong sky]]
[2020.05.21-18.04.07:585][  0]LogConfig: Setting CVar [[r.SkyAtmosphere.AerialPerspectiveLUT.SampleCountPerSlice:1]]
[2020.05.21-18.04.07:585][  0]LogConfig: Setting CVar [[r.SkyAtmosphere.AerialPerspectiveLUT.DepthResolution:16.0]]
[2020.05.21-18.04.07:585][  0]LogConfig: Setting CVar [[r.SkyAtmosphere.FastSkyLUT:1]]
[2020.05.21-18.04.07:585][  0]LogConfig: Setting CVar [[r.SkyAtmosphere.FastSkyLUT.SampleCountMin:4.0]]
[2020.05.21-18.04.07:585][  0]LogConfig: Setting CVar [[r.SkyAtmosphere.FastSkyLUT.SampleCountMax:32.0]]
[2020.05.21-18.04.07:585][  0]LogConfig: Setting CVar [[r.SkyAtmosphere.SampleCountMin:4.0]]
[2020.05.21-18.04.07:585][  0]LogConfig: Setting CVar [[r.SkyAtmosphere.SampleCountMax:32.0]]
[2020.05.21-18.04.07:585][  0]LogConfig: Setting CVar [[r.SkyAtmosphere.TransmittanceLUT.UseSmallFormat:0]]
[2020.05.21-18.04.07:585][  0]LogConfig: Setting CVar [[r.SkyAtmosphere.TransmittanceLUT.SampleCount:10.0]]
[2020.05.21-18.04.07:585][  0]LogConfig: Setting CVar [[r.SkyAtmosphere.MultiScatteringLUT.SampleCount:15.0]]
[2020.05.21-18.04.07:585][  0]LogConfig: Applying CVar settings from Section [FoliageQuality@3] File [D:/Users/matth/Documents/Unreal Projects/steam/Saved/Config/Windows/Scalability.ini]
[2020.05.21-18.04.07:585][  0]LogConfig: Setting CVar [[foliage.DensityScale:1.0]]
[2020.05.21-18.04.07:585][  0]LogConfig: Setting CVar [[grass.DensityScale:1.0]]
[2020.05.21-18.04.07:585][  0]LogConfig: Applying CVar settings from Section [ShadingQuality@3] File [D:/Users/matth/Documents/Unreal Projects/steam/Saved/Config/Windows/Scalability.ini]
[2020.05.21-18.04.07:585][  0]LogConfig: Setting CVar [[r.HairStrands.SkyLighting.SampleCount:16]]
[2020.05.21-18.04.07:585][  0]LogConfig: Setting CVar [[r.HairStrands.SkyLighting.JitterIntegration:0]]
[2020.05.21-18.04.07:585][  0]LogConfig: Setting CVar [[r.HairStrands.SkyAO.SampleCount:16]]
[2020.05.21-18.04.07:585][  0]LogInit: Selected Device Profile: [Windows]
[2020.05.21-18.04.07:585][  0]LogInit: Applying CVar settings loaded from the selected device profile: [Windows]
[2020.05.21-18.04.07:587][  0]LogHAL: Display: Platform has ~ 32 GB [34289659904 / 34359738368 / 32], which maps to Largest [LargestMinGB=32, LargerMinGB=12, DefaultMinGB=8, SmallerMinGB=6, SmallestMinGB=0)
[2020.05.21-18.04.07:587][  0]LogInit: Going up to parent DeviceProfile []
[2020.05.21-18.04.07:587][  0]LogConfig: Applying CVar settings from Section [ViewDistanceQuality@3] File [D:/Users/matth/Documents/Unreal Projects/steam/Saved/Config/Windows/Scalability.ini]
[2020.05.21-18.04.07:587][  0]LogConfig: Setting CVar [[r.SkeletalMeshLODBias:0]]
[2020.05.21-18.04.07:587][  0]LogConfig: Setting CVar [[r.ViewDistanceScale:1.0]]
[2020.05.21-18.04.07:587][  0]LogConfig: Applying CVar settings from Section [AntiAliasingQuality@3] File [D:/Users/matth/Documents/Unreal Projects/steam/Saved/Config/Windows/Scalability.ini]
[2020.05.21-18.04.07:587][  0]LogConfig: Setting CVar [[r.PostProcessAAQuality:4]]
[2020.05.21-18.04.07:587][  0]LogConfig: Applying CVar settings from Section [ShadowQuality@3] File [D:/Users/matth/Documents/Unreal Projects/steam/Saved/Config/Windows/Scalability.ini]
[2020.05.21-18.04.07:587][  0]LogConfig: Setting CVar [[r.LightFunctionQuality:1]]
[2020.05.21-18.04.07:587][  0]LogConfig: Setting CVar [[r.ShadowQuality:5]]
[2020.05.21-18.04.07:587][  0]LogConfig: Setting CVar [[r.Shadow.CSM.MaxCascades:10]]
[2020.05.21-18.04.07:587][  0]LogConfig: Setting CVar [[r.Shadow.MaxResolution:2048]]
[2020.05.21-18.04.07:587][  0]LogConfig: Setting CVar [[r.Shadow.MaxCSMResolution:2048]]
[2020.05.21-18.04.07:587][  0]LogConfig: Setting CVar [[r.Shadow.RadiusThreshold:0.01]]
[2020.05.21-18.04.07:587][  0]LogConfig: Setting CVar [[r.Shadow.DistanceScale:1.0]]
[2020.05.21-18.04.07:587][  0]LogConfig: Setting CVar [[r.Shadow.CSM.TransitionScale:1.0]]
[2020.05.21-18.04.07:587][  0]LogConfig: Setting CVar [[r.Shadow.PreShadowResolutionFactor:1.0]]
[2020.05.21-18.04.07:587][  0]LogConfig: Setting CVar [[r.DistanceFieldShadowing:1]]
[2020.05.21-18.04.07:587][  0]LogConfig: Setting CVar [[r.DistanceFieldAO:1]]
[2020.05.21-18.04.07:587][  0]LogConfig: Setting CVar [[r.AOQuality:2]]
[2020.05.21-18.04.07:587][  0]LogConfig: Setting CVar [[r.VolumetricFog:1]]
[2020.05.21-18.04.07:587][  0]LogConfig: Setting CVar [[r.VolumetricFog.GridPixelSize:8]]
[2020.05.21-18.04.07:587][  0]LogConfig: Setting CVar [[r.VolumetricFog.GridSizeZ:128]]
[2020.05.21-18.04.07:587][  0]LogConfig: Setting CVar [[r.VolumetricFog.HistoryMissSupersampleCount:4]]
[2020.05.21-18.04.07:587][  0]LogConfig: Setting CVar [[r.LightMaxDrawDistanceScale:1]]
[2020.05.21-18.04.07:587][  0]LogConfig: Setting CVar [[r.CapsuleShadows:1]]
[2020.05.21-18.04.07:587][  0]LogConfig: Applying CVar settings from Section [PostProcessQuality@3] File [D:/Users/matth/Documents/Unreal Projects/steam/Saved/Config/Windows/Scalability.ini]
[2020.05.21-18.04.07:587][  0]LogConfig: Setting CVar [[r.MotionBlurQuality:4]]
[2020.05.21-18.04.07:587][  0]LogConfig: Setting CVar [[r.AmbientOcclusionMipLevelFactor:0.4]]
[2020.05.21-18.04.07:587][  0]LogConfig: Setting CVar [[r.AmbientOcclusionMaxQuality:100]]
[2020.05.21-18.04.07:587][  0]LogConfig: Setting CVar [[r.AmbientOcclusionLevels:-1]]
[2020.05.21-18.04.07:587][  0]LogConfig: Setting CVar [[r.AmbientOcclusionRadiusScale:1.0]]
[2020.05.21-18.04.07:587][  0]LogConfig: Setting CVar [[r.DepthOfFieldQuality:2]]
[2020.05.21-18.04.07:587][  0]LogConfig: Setting CVar [[r.RenderTargetPoolMin:400]]
[2020.05.21-18.04.07:587][  0]LogConfig: Setting CVar [[r.LensFlareQuality:2]]
[2020.05.21-18.04.07:587][  0]LogConfig: Setting CVar [[r.SceneColorFringeQuality:1]]
[2020.05.21-18.04.07:587][  0]LogConfig: Setting CVar [[r.EyeAdaptationQuality:2]]
[2020.05.21-18.04.07:587][  0]LogConfig: Setting CVar [[r.BloomQuality:5]]
[2020.05.21-18.04.07:587][  0]LogConfig: Setting CVar [[r.FastBlurThreshold:100]]
[2020.05.21-18.04.07:587][  0]LogConfig: Setting CVar [[r.Upscale.Quality:3]]
[2020.05.21-18.04.07:587][  0]LogConfig: Setting CVar [[r.Tonemapper.GrainQuantization:1]]
[2020.05.21-18.04.07:587][  0]LogConfig: Setting CVar [[r.LightShaftQuality:1]]
[2020.05.21-18.04.07:587][  0]LogConfig: Setting CVar [[r.Filter.SizeScale:1]]
[2020.05.21-18.04.07:587][  0]LogConfig: Setting CVar [[r.Tonemapper.Quality:5]]
[2020.05.21-18.04.07:587][  0]LogConfig: Setting CVar [[r.DOF.Gather.AccumulatorQuality:1        ; higher gathering accumulator quality]]
[2020.05.21-18.04.07:587][  0]LogConfig: Setting CVar [[r.DOF.Gather.PostfilterMethod:1          ; Median3x3 postfilering method]]
[2020.05.21-18.04.07:587][  0]LogConfig: Setting CVar [[r.DOF.Gather.EnableBokehSettings:0       ; no bokeh simulation when gathering]]
[2020.05.21-18.04.07:587][  0]LogConfig: Setting CVar [[r.DOF.Gather.RingCount:4                 ; medium number of samples when gathering]]
[2020.05.21-18.04.07:587][  0]LogConfig: Setting CVar [[r.DOF.Scatter.ForegroundCompositing:1    ; additive foreground scattering]]
[2020.05.21-18.04.07:587][  0]LogConfig: Setting CVar [[r.DOF.Scatter.BackgroundCompositing:2    ; additive background scattering]]
[2020.05.21-18.04.07:587][  0]LogConfig: Setting CVar [[r.DOF.Scatter.EnableBokehSettings:1      ; bokeh simulation when scattering]]
[2020.05.21-18.04.07:587][  0]LogConfig: Setting CVar [[r.DOF.Scatter.MaxSpriteRatio:0.1         ; only a maximum of 10% of scattered bokeh]]
[2020.05.21-18.04.07:587][  0]LogConfig: Setting CVar [[r.DOF.Recombine.Quality:1                ; cheap slight out of focus]]
[2020.05.21-18.04.07:587][  0]LogConfig: Setting CVar [[r.DOF.Recombine.EnableBokehSettings:0    ; no bokeh simulation on slight out of focus]]
[2020.05.21-18.04.07:587][  0]LogConfig: Setting CVar [[r.DOF.TemporalAAQuality:1                ; more stable temporal accumulation]]
[2020.05.21-18.04.07:587][  0]LogConfig: Setting CVar [[r.DOF.Kernel.MaxForegroundRadius:0.025]]
[2020.05.21-18.04.07:587][  0]LogConfig: Setting CVar [[r.DOF.Kernel.MaxBackgroundRadius:0.025]]
[2020.05.21-18.04.07:587][  0]LogConfig: Applying CVar settings from Section [TextureQuality@3] File [D:/Users/matth/Documents/Unreal Projects/steam/Saved/Config/Windows/Scalability.ini]
[2020.05.21-18.04.07:588][  0]LogConfig: Setting CVar [[r.Streaming.MipBias:0]]
[2020.05.21-18.04.07:588][  0]LogConfig: Setting CVar [[r.Streaming.AmortizeCPUToGPUCopy:0]]
[2020.05.21-18.04.07:588][  0]LogConfig: Setting CVar [[r.Streaming.MaxNumTexturesToStreamPerFrame:0]]
[2020.05.21-18.04.07:588][  0]LogConfig: Setting CVar [[r.Streaming.Boost:1]]
[2020.05.21-18.04.07:588][  0]LogConfig: Setting CVar [[r.MaxAnisotropy:8]]
[2020.05.21-18.04.07:588][  0]LogConfig: Setting CVar [[r.VT.MaxAnisotropy:8]]
[2020.05.21-18.04.07:588][  0]LogConfig: Setting CVar [[r.Streaming.LimitPoolSizeToVRAM:0]]
[2020.05.21-18.04.07:588][  0]LogConfig: Setting CVar [[r.Streaming.PoolSize:1000]]
[2020.05.21-18.04.07:588][  0]LogConfig: Setting CVar [[r.Streaming.MaxEffectiveScreenSize:0]]
[2020.05.21-18.04.07:588][  0]LogConfig: Applying CVar settings from Section [EffectsQuality@3] File [D:/Users/matth/Documents/Unreal Projects/steam/Saved/Config/Windows/Scalability.ini]
[2020.05.21-18.04.07:588][  0]LogConfig: Setting CVar [[r.TranslucencyLightingVolumeDim:64]]
[2020.05.21-18.04.07:588][  0]LogConfig: Setting CVar [[r.RefractionQuality:2]]
[2020.05.21-18.04.07:588][  0]LogConfig: Setting CVar [[r.SSR.Quality:3]]
[2020.05.21-18.04.07:588][  0]LogConfig: Setting CVar [[r.SSR.HalfResSceneColor:0]]
[2020.05.21-18.04.07:588][  0]LogConfig: Setting CVar [[r.SceneColorFormat:4]]
[2020.05.21-18.04.07:588][  0]LogConfig: Setting CVar [[r.DetailMode:2]]
[2020.05.21-18.04.07:588][  0]LogConfig: Setting CVar [[r.TranslucencyVolumeBlur:1]]
[2020.05.21-18.04.07:588][  0]LogConfig: Setting CVar [[r.MaterialQualityLevel:1 ; High quality]]
[2020.05.21-18.04.07:588][  0]LogConfig: Setting CVar [[r.SSS.Scale:1]]
[2020.05.21-18.04.07:588][  0]LogConfig: Setting CVar [[r.SSS.SampleSet:2]]
[2020.05.21-18.04.07:588][  0]LogConfig: Setting CVar [[r.SSS.Quality:1]]
[2020.05.21-18.04.07:588][  0]LogConfig: Setting CVar [[r.SSS.HalfRes:1]]
[2020.05.21-18.04.07:588][  0]LogConfig: Setting CVar [[r.SSGI.Quality:3]]
[2020.05.21-18.04.07:588][  0]LogConfig: Setting CVar [[r.EmitterSpawnRateScale:1.0]]
[2020.05.21-18.04.07:588][  0]LogConfig: Setting CVar [[r.ParticleLightQuality:2]]
[2020.05.21-18.04.07:588][  0]LogConfig: Setting CVar [[r.SkyAtmosphere.AerialPerspectiveLUT.FastApplyOnOpaque:1 ; Always have FastSkyLUT 1 in this case to avoid wrong sky]]
[2020.05.21-18.04.07:588][  0]LogConfig: Setting CVar [[r.SkyAtmosphere.AerialPerspectiveLUT.SampleCountPerSlice:1]]
[2020.05.21-18.04.07:588][  0]LogConfig: Setting CVar [[r.SkyAtmosphere.AerialPerspectiveLUT.DepthResolution:16.0]]
[2020.05.21-18.04.07:588][  0]LogConfig: Setting CVar [[r.SkyAtmosphere.FastSkyLUT:1]]
[2020.05.21-18.04.07:588][  0]LogConfig: Setting CVar [[r.SkyAtmosphere.FastSkyLUT.SampleCountMin:4.0]]
[2020.05.21-18.04.07:588][  0]LogConfig: Setting CVar [[r.SkyAtmosphere.FastSkyLUT.SampleCountMax:32.0]]
[2020.05.21-18.04.07:588][  0]LogConfig: Setting CVar [[r.SkyAtmosphere.SampleCountMin:4.0]]
[2020.05.21-18.04.07:588][  0]LogConfig: Setting CVar [[r.SkyAtmosphere.SampleCountMax:32.0]]
[2020.05.21-18.04.07:588][  0]LogConfig: Setting CVar [[r.SkyAtmosphere.TransmittanceLUT.UseSmallFormat:0]]
[2020.05.21-18.04.07:588][  0]LogConfig: Setting CVar [[r.SkyAtmosphere.TransmittanceLUT.SampleCount:10.0]]
[2020.05.21-18.04.07:588][  0]LogConfig: Setting CVar [[r.SkyAtmosphere.MultiScatteringLUT.SampleCount:15.0]]
[2020.05.21-18.04.07:588][  0]LogConfig: Applying CVar settings from Section [FoliageQuality@3] File [D:/Users/matth/Documents/Unreal Projects/steam/Saved/Config/Windows/Scalability.ini]
[2020.05.21-18.04.07:588][  0]LogConfig: Setting CVar [[foliage.DensityScale:1.0]]
[2020.05.21-18.04.07:588][  0]LogConfig: Setting CVar [[grass.DensityScale:1.0]]
[2020.05.21-18.04.07:588][  0]LogConfig: Applying CVar settings from Section [ShadingQuality@3] File [D:/Users/matth/Documents/Unreal Projects/steam/Saved/Config/Windows/Scalability.ini]
[2020.05.21-18.04.07:588][  0]LogConfig: Setting CVar [[r.HairStrands.SkyLighting.SampleCount:16]]
[2020.05.21-18.04.07:588][  0]LogConfig: Setting CVar [[r.HairStrands.SkyLighting.JitterIntegration:0]]
[2020.05.21-18.04.07:588][  0]LogConfig: Setting CVar [[r.HairStrands.SkyAO.SampleCount:16]]
[2020.05.21-18.04.07:588][  0]LogConfig: Applying CVar settings from Section [Startup] File [../../../Engine/Config/ConsoleVariables.ini]
[2020.05.21-18.04.07:588][  0]LogConfig: Setting CVar [[net.UseAdaptiveNetUpdateFrequency:0]]
[2020.05.21-18.04.07:588][  0]LogConfig: Setting CVar [[p.chaos.AllowCreatePhysxBodies:1]]
[2020.05.21-18.04.07:588][  0]LogConfig: Applying CVar settings from Section [ConsoleVariables] File [D:/Users/matth/Documents/Unreal Projects/steam/Saved/Config/Windows/Engine.ini]
[2020.05.21-18.04.07:588][  0]LogInit: Computer: DESKTOP-LHKM7AT
[2020.05.21-18.04.07:588][  0]LogInit: User: matth
[2020.05.21-18.04.07:588][  0]LogInit: CPU Page size=4096, Cores=6
[2020.05.21-18.04.07:588][  0]LogInit: High frequency timer resolution =10.000000 MHz
[2020.05.21-18.04.07:588][  0]LogMemory: Memory total: Physical=31.9GB (32GB approx)
[2020.05.21-18.04.07:588][  0]LogMemory: Platform Memory Stats for Windows
[2020.05.21-18.04.07:588][  0]LogMemory: Process Physical Memory: 106.27 MB used, 106.27 MB peak
[2020.05.21-18.04.07:588][  0]LogMemory: Process Virtual Memory: 102.13 MB used, 102.13 MB peak
[2020.05.21-18.04.07:588][  0]LogMemory: Physical Memory: 10890.20 MB used,  21810.97 MB free, 32701.17 MB total
[2020.05.21-18.04.07:588][  0]LogMemory: Virtual Memory: 5160.82 MB used,  134212568.00 MB free, 134217728.00 MB total
[2020.05.21-18.04.07:591][  0]LogWindows: WindowsPlatformFeatures enabled
[2020.05.21-18.04.07:602][  0]LogInit: Using OS detected language (en-US).
[2020.05.21-18.04.07:602][  0]LogInit: Using OS detected locale (en-US).
[2020.05.21-18.04.07:603][  0]LogTextLocalizationManager: No specific localization for 'en-US' exists, so the 'en' localization will be used.
[2020.05.21-18.04.07:754][  0]LogSlate: New Slate User Created.  User Index 0, Is Virtual User: 0
[2020.05.21-18.04.07:754][  0]LogSlate: Slate User Registered.  User Index 0, Is Virtual User: 0
[2020.05.21-18.04.07:762][  0]LogHMD: Failed to initialize OpenVR with code 110
[2020.05.21-18.04.07:762][  0]LogD3D11RHI: D3D11 min allowed feature level: 11_0
[2020.05.21-18.04.07:762][  0]LogD3D11RHI: D3D11 max allowed feature level: 11_0
[2020.05.21-18.04.07:762][  0]LogD3D11RHI: D3D11 adapters:
[2020.05.21-18.04.07:830][  0]LogD3D11RHI:    0. 'NVIDIA GeForce GTX 1070' (Feature Level 11_0)
[2020.05.21-18.04.07:830][  0]LogD3D11RHI:       8088/0/16350 MB DedicatedVideo/DedicatedSystem/SharedSystem, Outputs:2, VendorId:0x10de
[2020.05.21-18.04.07:832][  0]LogD3D11RHI:    1. 'Microsoft Basic Render Driver' (Feature Level 11_0)
[2020.05.21-18.04.07:832][  0]LogD3D11RHI:       0/0/16350 MB DedicatedVideo/DedicatedSystem/SharedSystem, Outputs:0, VendorId:0x1414
[2020.05.21-18.04.07:832][  0]LogD3D11RHI: Chosen D3D11 Adapter: 0
[2020.05.21-18.04.07:840][  0]LogD3D11RHI: Creating new Direct3DDevice
[2020.05.21-18.04.07:840][  0]LogD3D11RHI:     GPU DeviceId: 0x1b81 (for the marketing name, search the web for "GPU Device Id")
[2020.05.21-18.04.07:840][  0]LogWindows: EnumDisplayDevices:
[2020.05.21-18.04.07:840][  0]LogWindows:    0. 'NVIDIA GeForce GTX 1070' (P:1 D:1)
[2020.05.21-18.04.07:840][  0]LogWindows:    1. 'NVIDIA GeForce GTX 1070' (P:0 D:1)
[2020.05.21-18.04.07:840][  0]LogWindows:    2. 'NVIDIA GeForce GTX 1070' (P:0 D:0)
[2020.05.21-18.04.07:840][  0]LogWindows:    3. 'NVIDIA GeForce GTX 1070' (P:0 D:0)
[2020.05.21-18.04.07:841][  0]LogWindows: DebugString: FoundDriverCount:4 
[2020.05.21-18.04.07:841][  0]LogD3D11RHI:     Adapter Name: NVIDIA GeForce GTX 1070
[2020.05.21-18.04.07:841][  0]LogD3D11RHI:   Driver Version: 445.87 (internal:26.21.14.4587, unified:445.87)
[2020.05.21-18.04.07:841][  0]LogD3D11RHI:      Driver Date: 4-3-2020
[2020.05.21-18.04.07:841][  0]LogRHI: Texture pool is 5661 MB (70% of 8088 MB)
[2020.05.21-18.04.07:875][  0]LogD3D11RHI: RHI has support for 64 bit atomics
[2020.05.21-18.04.07:875][  0]LogD3D11RHI: Async texture creation enabled
[2020.05.21-18.04.07:891][  0]LogD3D11RHI: GPU Timing Frequency: 1000.000000 (Debug: 2 1)
[2020.05.21-18.04.08:148][  0]LogTargetPlatformManager: Display: Loaded TargetPlatform 'WindowsNoEditor'
[2020.05.21-18.04.08:150][  0]LogTargetPlatformManager: Display: Loaded TargetPlatform 'Windows'
[2020.05.21-18.04.08:155][  0]LogTargetPlatformManager: Display: Loaded TargetPlatform 'WindowsClient'
[2020.05.21-18.04.08:160][  0]LogTargetPlatformManager: Display: Loaded TargetPlatform 'WindowsServer'
[2020.05.21-18.04.08:160][  0]LogTargetPlatformManager: Display: Building Assets For Windows
[2020.05.21-18.04.08:161][  0]LogAudioDebug: Display: Lib vorbis DLL was dynamically loaded.
[2020.05.21-18.04.08:174][  0]LogShaderCompilers: Guid format shader working directory is -13 characters bigger than the processId version (../../../../../Users/matth/Documents/Unreal Projects/steam/Intermediate/Shaders/WorkingDirectory/28284/).
[2020.05.21-18.04.08:174][  0]LogShaderCompilers: Cleaned the shader compiler working directory 'C:/Users/matth/AppData/Local/Temp/UnrealShaderWorkingDir/89D768B440688C76794813B941F8437A/'.
[2020.05.21-18.04.08:174][  0]LogXGEController: Cannot use XGE Controller as Incredibuild is not installed on this machine.
[2020.05.21-18.04.08:174][  0]LogShaderCompilers: Cannot use XGE Shader Compiler as Incredibuild is not installed on this machine.
[2020.05.21-18.04.08:174][  0]LogShaderCompilers: Display: Using Local Shader Compiler.
[2020.05.21-18.04.08:716][  0]LogDerivedDataCache: Display: Max Cache Size: 512 MB
[2020.05.21-18.04.08:760][  0]LogDerivedDataCache: Loaded boot cache 0.04s 78MB C:/Users/matth/AppData/Local/UnrealEngine/4.24/DerivedDataCache/Boot.ddc.
[2020.05.21-18.04.08:760][  0]LogDerivedDataCache: Display: Loaded Boot cache: C:/Users/matth/AppData/Local/UnrealEngine/4.24/DerivedDataCache/Boot.ddc
[2020.05.21-18.04.08:760][  0]LogDerivedDataCache: FDerivedDataBackendGraph:  Pak pak cache file ../../../../../Users/matth/Documents/Unreal Projects/steam/DerivedDataCache/DDC.ddp not found, will not use a pak cache.
[2020.05.21-18.04.08:760][  0]LogDerivedDataCache: Unable to find inner node Pak for hierarchical cache Hierarchy.
[2020.05.21-18.04.08:760][  0]LogDerivedDataCache: FDerivedDataBackendGraph:  CompressedPak pak cache file ../../../../../Users/matth/Documents/Unreal Projects/steam/DerivedDataCache/Compressed.ddp not found, will not use a pak cache.
[2020.05.21-18.04.08:760][  0]LogDerivedDataCache: Unable to find inner node CompressedPak for hierarchical cache Hierarchy.
[2020.05.21-18.04.08:768][  0]LogDerivedDataCache: Display: Pak cache opened for reading ../../../Engine/DerivedDataCache/Compressed.ddp.
[2020.05.21-18.04.08:768][  0]LogDerivedDataCache: FDerivedDataBackendGraph:  EnterprisePak pak cache file ../../../Enterprise/DerivedDataCache/Compressed.ddp not found, will not use a pak cache.
[2020.05.21-18.04.08:768][  0]LogDerivedDataCache: Unable to find inner node EnterprisePak for hierarchical cache Hierarchy.
[2020.05.21-18.04.08:769][  0]LogDerivedDataCache: Using Local data cache path C:/Users/matth/AppData/Local/UnrealEngine/Common/DerivedDataCache: Writable
[2020.05.21-18.04.08:769][  0]LogDerivedDataCache: Shared data cache path not found in *engine.ini, will not use an Shared cache.
[2020.05.21-18.04.08:769][  0]LogDerivedDataCache: Unable to find inner node Shared for hierarchical cache Hierarchy.
[2020.05.21-18.04.08:788][  0]LogMaterial: Verifying Global Shaders for PCD3D_SM5
[2020.05.21-18.04.08:790][  0]LogSlate: Using FreeType 2.10.0
[2020.05.21-18.04.08:791][  0]LogSlate: SlateFontServices - WITH_FREETYPE: 1, WITH_HARFBUZZ: 1
[2020.05.21-18.04.08:866][  0]LogInit: Using OS detected language (en-US).
[2020.05.21-18.04.08:866][  0]LogInit: Using OS detected locale (en-US).
[2020.05.21-18.04.08:866][  0]LogTextLocalizationManager: No localization for 'en-US' exists, so 'en' will be used for the language.
[2020.05.21-18.04.08:866][  0]LogTextLocalizationManager: No localization for 'en-US' exists, so 'en' will be used for the locale.
[2020.05.21-18.04.08:866][  0]LogSlate: FontCache flush requested. Reason: Culture for localization was changed
[2020.05.21-18.04.08:866][  0]LogSlate: FontCache flush requested. Reason: Culture for localization was changed
[2020.05.21-18.04.08:867][  0]LogTextLocalizationManager: Compacting localization data took   0.00ms
[2020.05.21-18.04.08:869][  0]LogAssetRegistry: FAssetRegistry took 0.0016 seconds to start up
[2020.05.21-18.04.09:040][  0]LogPackageLocalizationCache: Processed 10 localized package path(s) for 1 prioritized culture(s) in 0.000319 seconds
[2020.05.21-18.04.09:076][  0]LogInit: Selected Device Profile: [Windows]
[2020.05.21-18.04.09:169][  0]LogMeshReduction: Using QuadricMeshReduction for automatic static mesh reduction
[2020.05.21-18.04.09:169][  0]LogMeshReduction: Using SimplygonMeshReduction for automatic skeletal mesh reduction
[2020.05.21-18.04.09:169][  0]LogMeshReduction: Using ProxyLODMeshReduction for automatic mesh merging
[2020.05.21-18.04.09:169][  0]LogMeshReduction: No distributed automatic mesh merging module available
[2020.05.21-18.04.09:169][  0]LogMeshMerging: No distributed automatic mesh merging module available
[2020.05.21-18.04.09:180][  0]LogNetVersion: steam 1.0.0, NetCL: 10570792, EngineNetVer: 13, GameNetVer: 0 (Checksum: 2521894447)
[2020.05.21-18.04.09:515][  0]LogMoviePlayer: Initializing movie player
[2020.05.21-18.04.09:611][  0]LogTcpMessaging: Initializing TcpMessaging bridge
[2020.05.21-18.04.09:612][  0]LogUdpMessaging: Initializing bridge on interface 0.0.0.0:0 to multicast group 230.0.0.1:6666.
[2020.05.21-18.04.09:632][  0]SourceControl: Source control is disabled
[2020.05.21-18.04.09:632][  0]SourceControl: Source control is disabled
[2020.05.21-18.04.09:632][  0]SourceControl: Source control is disabled
[2020.05.21-18.04.09:647][  0]LogAndroidPermission: UAndroidPermissionCallbackProxy::GetInstance
[2020.05.21-18.04.09:651][  0]LogAudioCaptureCore: Display: No Audio Capture implementations found. Audio input will be silent.
[2020.05.21-18.04.09:651][  0]LogAudioCaptureCore: Display: No Audio Capture implementations found. Audio input will be silent.
[2020.05.21-18.04.09:687][  0]LogOcInput: OculusInput pre-init called
[2020.05.21-18.04.09:694][  0]LogUObjectArray: 53316 objects as part of root set at end of initial load.
[2020.05.21-18.04.09:694][  0]LogUObjectAllocator: 9443176 out of 0 bytes used by permanent object pool.
[2020.05.21-18.04.09:694][  0]LogUObjectArray: CloseDisregardForGC: 0/0 objects in disregard for GC pool
[2020.05.21-18.04.09:732][  0]LogEngine: Initializing Engine...
[2020.05.21-18.04.09:733][  0]LogHMD: Failed to initialize OpenVR with code 110
[2020.05.21-18.04.09:734][  0]LogStats: UGameplayTagsManager::InitializeManager -  0.000 s
[2020.05.21-18.04.09:870][  0]LogInit: Initializing FReadOnlyCVARCache
[2020.05.21-18.04.09:871][  0]LogAudioMixer: Display: Audio Mixer Platform Settings:
[2020.05.21-18.04.09:871][  0]LogAudioMixer: Display: 	Sample Rate:						  48000
[2020.05.21-18.04.09:871][  0]LogAudioMixer: Display: 	Callback Buffer Frame Size Requested: 1024
[2020.05.21-18.04.09:871][  0]LogAudioMixer: Display: 	Callback Buffer Frame Size To Use:	  1024
[2020.05.21-18.04.09:871][  0]LogAudioMixer: Display: 	Number of buffers to queue:			  2
[2020.05.21-18.04.09:871][  0]LogAudioMixer: Display: 	Max Channels (voices):				  32
[2020.05.21-18.04.09:871][  0]LogAudioMixer: Display: 	Number of Async Source Workers:		  0
[2020.05.21-18.04.09:871][  0]LogAudio: Display: AudioDevice MaxSources: 32
[2020.05.21-18.04.09:872][  0]LogAudio: Display: Using built-in audio occlusion.
[2020.05.21-18.04.09:872][  0]LogAudioMixer: Display: Initializing audio mixer.
[2020.05.21-18.04.09:901][  0]LogAudioMixer: Display: Audio Device Output Speaker Info:
[2020.05.21-18.04.09:901][  0]LogAudioMixer: Display: Name: Speakers (Realtek(R) Audio)
[2020.05.21-18.04.09:901][  0]LogAudioMixer: Display: Is Default: Yes
[2020.05.21-18.04.09:901][  0]LogAudioMixer: Display: Sample Rate: 48000
[2020.05.21-18.04.09:901][  0]LogAudioMixer: Display: Channel Count Used: 2
[2020.05.21-18.04.09:901][  0]LogAudioMixer: Display: Device Channel Count: 2
[2020.05.21-18.04.09:901][  0]LogAudioMixer: Display: Channel Order:
[2020.05.21-18.04.09:901][  0]LogAudioMixer: Display: 0: FrontLeft
[2020.05.21-18.04.09:901][  0]LogAudioMixer: Display: 1: FrontRight
[2020.05.21-18.04.09:921][  0]LogAudioMixer: Display: Using Audio Device Speakers (Realtek(R) Audio)
[2020.05.21-18.04.09:926][  0]LogInit: FAudioDevice initialized.
[2020.05.21-18.04.09:926][  0]LogNetVersion: Set ProjectVersion to 1.0.0.0. Version Checksum will be recalculated on next use.
[2020.05.21-18.04.09:930][  0]LogInit: Texture streaming: Enabled
[2020.05.21-18.04.10:027][  0]LogSlate: Updating window title bar state: overlay mode, drag disabled, window buttons hidden, title bar hidden
[2020.05.21-18.04.10:027][  0]LogInit: Display: Game Engine Initialized.
[2020.05.21-18.04.10:034][  0]LogInit: Display: Starting Game.
[2020.05.21-18.04.10:034][  0]LogNet: Browse: /Game/Maps/MainMenu?Name=Player
[2020.05.21-18.04.10:034][  0]LogLoad: LoadMap: /Game/Maps/MainMenu?Name=Player
[2020.05.21-18.04.10:034][  0]LogWorld: BeginTearingDown for /Temp/Untitled_0
[2020.05.21-18.04.10:035][  0]LogWorld: UWorld::CleanupWorld for Untitled, bSessionEnded=true, bCleanupResources=true
[2020.05.21-18.04.10:035][  0]LogSlate: InvalidateAllWidgets triggered.  All widgets were invalidated
[2020.05.21-18.04.10:058][  0]LogAudioMixer: Display: No commands were queued while flushing the source manager.
[2020.05.21-18.04.10:059][  0]LogUObjectHash: Compacting FUObjectHashTables data took   1.48ms
[2020.05.21-18.04.10:125][  0]LogAIModule: Creating AISystem for world MainMenu
[2020.05.21-18.04.10:220][  0]LogLoad: Game class is 'ThirdPersonGameMode_C'
[2020.05.21-18.04.10:221][  0]LogWorld: Bringing World /Game/Maps/MainMenu.MainMenu up for play (max tick rate 0) at 2020.05.21-14.04.10
[2020.05.21-18.04.10:221][  0]LogWorld: Bringing up level for play took: 0.000535
[2020.05.21-18.04.10:222][  0]LogGameMode: FindPlayerStart: PATHS NOT DEFINED or NO PLAYERSTART with positive rating
[2020.05.21-18.04.10:225][  0]LogLoad: Took 0.190618 seconds to LoadMap(/Game/Maps/MainMenu)
[2020.05.21-18.04.10:259][  0]LogRenderer: Reallocating scene render targets to support 1280x720 Format 10 NumSamples 1 (Frame:1).
[2020.05.21-18.04.10:259][  0]LogLoad: (Engine Initialization) Total time: 3.48 seconds
[2020.05.21-18.04.10:259][  0]LogLoad: (Engine Initialization) Total Blueprint compile time: 0.00 seconds
[2020.05.21-18.04.10:268][  0]LogContentStreaming: Texture pool size now 1000 MB
[2020.05.21-18.04.10:288][  0]LogSlate: InvalidateAllWidgets triggered.  All widgets were invalidated
[2020.05.21-18.04.11:651][978]LogInit: WinSock: I am DESKTOP-LHKM7AT (192.168.5.117:0)
[2020.05.21-18.04.12:332][502]LogSlate: Took 0.000152 seconds to synchronously load lazily loaded font '../../../Engine/Content/Slate/Fonts/Roboto-Regular.ttf' (155K)
[2020.05.21-18.04.13:924][700]LogPackageName: SearchForPackageOnDisk took   0.047s to resolve Lobby.umap.
[2020.05.21-18.04.13:970][700]LogPackageName: SearchForPackageOnDisk took   0.046s to resolve Lobby.umap.
[2020.05.21-18.04.13:970][700]LogNet: Browse: /Game/Maps/Lobby?listen
[2020.05.21-18.04.13:970][700]LogLoad: LoadMap: /Game/Maps/Lobby?listen
[2020.05.21-18.04.13:970][700]LogWorld: BeginTearingDown for /Game/Maps/MainMenu
[2020.05.21-18.04.13:971][700]LogWorld: UWorld::CleanupWorld for MainMenu, bSessionEnded=true, bCleanupResources=true
[2020.05.21-18.04.13:971][700]LogSlate: InvalidateAllWidgets triggered.  All widgets were invalidated
[2020.05.21-18.04.14:016][700]LogAudioMixer: Display: Flush succeeded in the source manager command queue (1).
[2020.05.21-18.04.14:016][700]LogAudioMixer: Display: Flush succeeded the source manager command queue (2).
[2020.05.21-18.04.14:021][700]LogUObjectHash: Compacting FUObjectHashTables data took   1.78ms
[2020.05.21-18.04.14:065][700]LogAIModule: Creating AISystem for world Lobby
[2020.05.21-18.04.14:160][700]LogLoad: Game class is 'ThirdPersonGameMode_C'
[2020.05.21-18.04.14:160][700]LogOnline: OSS: Creating online subsystem instance for: STEAM
[2020.05.21-18.04.14:172][700]LogSteamShared: Warning: SteamAPI failed to initialize, conditions not met.
[2020.05.21-18.04.14:172][700]LogOnline: Warning: STEAM: Steamworks: SteamUtils() failed!
[2020.05.21-18.04.14:172][700]LogOnline: Warning: STEAM: Steamworks: SteamUser() failed!
[2020.05.21-18.04.14:172][700]LogOnline: Warning: STEAM: Steamworks: SteamFriends() failed!
[2020.05.21-18.04.14:172][700]LogOnline: Warning: STEAM: Steamworks: SteamRemoteStorage() failed!
[2020.05.21-18.04.14:172][700]LogOnline: Warning: STEAM: Steamworks: SteamUserStats() failed!
[2020.05.21-18.04.14:172][700]LogOnline: Warning: STEAM: Steamworks: SteamMatchmakingServers() failed!
[2020.05.21-18.04.14:172][700]LogOnline: Warning: STEAM: Steamworks: SteamApps() failed!
[2020.05.21-18.04.14:172][700]LogOnline: Warning: STEAM: Steamworks: SteamNetworking() failed!
[2020.05.21-18.04.14:172][700]LogOnline: Warning: STEAM: Steamworks: SteamMatchmaking() failed!
[2020.05.21-18.04.14:172][700]LogOnline: STEAM: [AppId: 0] Client API initialized 0
[2020.05.21-18.04.14:172][700]LogOnline: Display: STEAM: OnlineSubsystemSteam::Shutdown()
[2020.05.21-18.04.14:172][700]LogOnline: Warning: STEAM: Steam API failed to initialize!
[2020.05.21-18.04.14:172][700]LogOnline: Display: STEAM: OnlineSubsystemSteam::Shutdown()
[2020.05.21-18.04.14:173][700]LogNet: ReplicationDriverClass is null! Not using ReplicationDriver.
[2020.05.21-18.04.14:173][700]LogNetCore: DDoS detection status: detection enabled: 0 analytics enabled: 0
[2020.05.21-18.04.14:173][700]LogInit: WinSock: Socket queue. Rx: 131072 (config 131072) Tx: 131072 (config 131072)
[2020.05.21-18.04.14:173][700]PacketHandlerLog: Loaded PacketHandler component: Engine.EngineHandlerComponentFactory (StatelessConnectHandlerComponent)
[2020.05.21-18.04.14:173][700]LogNet: GameNetDriver IpNetDriver_0 IpNetDriver listening on port 7777
[2020.05.21-18.04.14:174][700]LogWorld: Bringing World /Game/Maps/Lobby.Lobby up for play (max tick rate 0) at 2020.05.21-14.04.14
[2020.05.21-18.04.14:175][700]LogWorld: Bringing up level for play took: 0.000840
[2020.05.21-18.04.14:176][700]LogLoad: Took 0.205844 seconds to LoadMap(/Game/Maps/Lobby)
[2020.05.21-18.04.15:821][374]LogSlate: Window 'steam (64-bit Development PCD3D_SM5) ' being destroyed
[2020.05.21-18.04.15:822][374]LogWindowsTextInputMethodSystem: Display: IME system now deactivated.
[2020.05.21-18.04.15:829][374]LogSlate: Updating window title bar state: overlay mode, drag disabled, window buttons hidden, title bar hidden
[2020.05.21-18.04.15:829][374]LogEngine: All Windows Closed
[2020.05.21-18.04.15:829][374]LogWindows: FPlatformMisc::RequestExit(0)
[2020.05.21-18.04.15:829][374]LogCore: Engine exit requested (reason: Win RequestExit)
[2020.05.21-18.04.15:830][375]LogCore: Engine exit requested (reason: EngineExit() was called; note: exit was already requested)
[2020.05.21-18.04.15:831][375]LogAudioMixer: Display: No commands were queued while flushing the source manager.
[2020.05.21-18.04.15:833][375]LogInit: Display: PreExit Game.
[2020.05.21-18.04.15:834][375]LogWorld: BeginTearingDown for /Game/Maps/Lobby
[2020.05.21-18.04.15:834][375]LogNet: World NetDriver shutdown IpNetDriver_0 [GameNetDriver]
[2020.05.21-18.04.15:834][375]LogNet: DestroyNamedNetDriver IpNetDriver_0 [GameNetDriver]
[2020.05.21-18.04.15:834][375]LogExit: GameNetDriver IpNetDriver_0 shut down
[2020.05.21-18.04.15:834][375]LogWorld: UWorld::CleanupWorld for Lobby, bSessionEnded=true, bCleanupResources=true
[2020.05.21-18.04.15:834][375]LogSlate: InvalidateAllWidgets triggered.  All widgets were invalidated
[2020.05.21-18.04.16:740][375]LogExit: Preparing to exit.
[2020.05.21-18.04.17:618][375]LogMoviePlayer: Shutting down movie player
[2020.05.21-18.04.17:802][375]LogSlate: Updating window title bar state: overlay mode, drag disabled, window buttons hidden, title bar hidden
[2020.05.21-18.04.17:808][375]LogExit: Game engine shut down
[2020.05.21-18.04.17:809][375]LogDemo: Cleaned up 0 splitscreen connections with owner deletion
[2020.05.21-18.04.17:866][375]LogExit: Object subsystem successfully closed.
[2020.05.21-18.04.17:883][375]LogShaderCompilers: Display: Shaders left to compile 0
[2020.05.21-18.04.17:888][375]LogModuleManager: Shutting down and abandoning module SequenceRecorderSections (442)
[2020.05.21-18.04.17:889][375]LogModuleManager: Shutting down and abandoning module SequenceRecorder (440)
[2020.05.21-18.04.17:889][375]LogModuleManager: Shutting down and abandoning module AutomationController (438)
[2020.05.21-18.04.17:889][375]LogModuleManager: Shutting down and abandoning module AutomationWorker (436)
[2020.05.21-18.04.17:889][375]LogModuleManager: Shutting down and abandoning module Voice (434)
[2020.05.21-18.04.17:889][375]LogModuleManager: Shutting down and abandoning module AIModule (432)
[2020.05.21-18.04.17:889][375]LogModuleManager: Shutting down and abandoning module GameplayDebugger (431)
[2020.05.21-18.04.17:889][375]LogModuleManager: Shutting down and abandoning module AITestSuite (429)
[2020.05.21-18.04.17:889][375]LogModuleManager: Shutting down and abandoning module NavigationSystem (427)
[2020.05.21-18.04.17:889][375]LogModuleManager: Shutting down and abandoning module OculusMR (424)
[2020.05.21-18.04.17:889][375]LogModuleManager: Shutting down and abandoning module WmfMediaFactory (422)
[2020.05.21-18.04.17:889][375]LogModuleManager: Shutting down and abandoning module WebMMediaFactory (420)
[2020.05.21-18.04.17:889][375]LogModuleManager: Shutting down and abandoning module WebMMedia (418)
[2020.05.21-18.04.17:889][375]LogModuleManager: Shutting down and abandoning module OpenExrWrapper (416)
[2020.05.21-18.04.17:889][375]LogModuleManager: Shutting down and abandoning module ImgMediaFactory (414)
[2020.05.21-18.04.17:889][375]LogModuleManager: Shutting down and abandoning module AvfMediaFactory (412)
[2020.05.21-18.04.17:889][375]LogModuleManager: Shutting down and abandoning module MagicLeapMediaCodecFactory (410)
[2020.05.21-18.04.17:889][375]LogModuleManager: Shutting down and abandoning module MagicLeapMediaFactory (408)
[2020.05.21-18.04.17:889][375]LogModuleManager: Shutting down and abandoning module CharacterAI (406)
[2020.05.21-18.04.17:889][375]LogModuleManager: Shutting down and abandoning module SessionServices (404)
[2020.05.21-18.04.17:889][375]LogModuleManager: Shutting down and abandoning module MovieSceneCapture (402)
[2020.05.21-18.04.17:889][375]LogModuleManager: Shutting down and abandoning module LiveCoding (400)
[2020.05.21-18.04.17:889][375]LogModuleManager: Shutting down and abandoning module LevelSequence (398)
[2020.05.21-18.04.17:889][375]LogModuleManager: Shutting down and abandoning module MovieSceneTracks (396)
[2020.05.21-18.04.17:889][375]LogModuleManager: Shutting down and abandoning module MovieScene (394)
[2020.05.21-18.04.17:889][375]LogModuleManager: Shutting down and abandoning module StreamingPauseRendering (392)
[2020.05.21-18.04.17:889][375]LogModuleManager: Shutting down and abandoning module PortalServices (390)
[2020.05.21-18.04.17:889][375]LogModuleManager: Shutting down and abandoning module PortalRpc (388)
[2020.05.21-18.04.17:889][375]LogModuleManager: Shutting down and abandoning module MessagingRpc (386)
[2020.05.21-18.04.17:889][375]LogModuleManager: Shutting down and abandoning module AudioMixerXAudio2 (384)
[2020.05.21-18.04.17:889][375]LogModuleManager: Shutting down and abandoning module ImageWriteQueue (382)
[2020.05.21-18.04.17:891][375]LogModuleManager: Shutting down and abandoning module ProfilerService (380)
[2020.05.21-18.04.17:967][375]LogModuleManager: Shutting down and abandoning module TaskGraph (378)
[2020.05.21-18.04.17:967][375]LogModuleManager: Shutting down and abandoning module ProceduralMeshComponent (376)
[2020.05.21-18.04.17:967][375]LogModuleManager: Shutting down and abandoning module OculusInput (374)
[2020.05.21-18.04.17:967][375]LogModuleManager: Shutting down and abandoning module MobilePatchingUtils (372)
[2020.05.21-18.04.17:967][375]LogModuleManager: Shutting down and abandoning module EditableMesh (370)
[2020.05.21-18.04.17:967][375]LogModuleManager: Shutting down and abandoning module CustomMeshComponent (368)
[2020.05.21-18.04.17:968][375]LogModuleManager: Shutting down and abandoning module CableComponent (366)
[2020.05.21-18.04.17:968][375]LogModuleManager: Shutting down and abandoning module AudioCapture (364)
[2020.05.21-18.04.17:968][375]LogModuleManager: Shutting down and abandoning module AudioCaptureRtAudio (363)
[2020.05.21-18.04.17:968][375]LogModuleManager: Shutting down and abandoning module AssetTags (360)
[2020.05.21-18.04.17:968][375]LogModuleManager: Shutting down and abandoning module ArchVisCharacter (358)
[2020.05.21-18.04.17:968][375]LogModuleManager: Shutting down and abandoning module AppleImageUtilsBlueprintSupport (356)
[2020.05.21-18.04.17:968][375]LogModuleManager: Shutting down and abandoning module AppleImageUtils (354)
[2020.05.21-18.04.17:968][375]LogModuleManager: Shutting down and abandoning module AndroidPermission (352)
[2020.05.21-18.04.17:968][375]LogModuleManager: Shutting down and abandoning module NUTUnrealEngine4 (350)
[2020.05.21-18.04.17:968][375]LogModuleManager: Shutting down and abandoning module NetcodeUnitTest (348)
[2020.05.21-18.04.17:968][375]LogModuleManager: Shutting down and abandoning module MediaCompositing (346)
[2020.05.21-18.04.17:968][375]LogModuleManager: Shutting down and abandoning module ImgMedia (344)
[2020.05.21-18.04.17:968][375]LogModuleManager: Shutting down and abandoning module MagicLeapHelperVulkan (342)
[2020.05.21-18.04.17:968][375]LogModuleManager: Shutting down and abandoning module MagicLeapHelperOpenGL (340)
[2020.05.21-18.04.17:968][375]LogModuleManager: Shutting down and abandoning module MagicLeapAudio (338)
[2020.05.21-18.04.17:968][375]LogModuleManager: Shutting down and abandoning module GeometryCacheTracks (336)
[2020.05.21-18.04.17:968][375]LogModuleManager: Shutting down and abandoning module GeometryCacheSequencer (335)
[2020.05.21-18.04.17:968][375]LogModuleManager: Shutting down and abandoning module GeometryCache (332)
[2020.05.21-18.04.17:968][375]LogModuleManager: Shutting down and abandoning module GeometryCacheEd (331)
[2020.05.21-18.04.17:968][375]LogModuleManager: Shutting down and abandoning module BackChannel (328)
[2020.05.21-18.04.17:968][375]LogModuleManager: Shutting down and abandoning module AutomationUtils (326)
[2020.05.21-18.04.17:968][375]LogModuleManager: Shutting down and abandoning module VisualStudioSourceCodeAccess (324)
[2020.05.21-18.04.17:968][375]LogModuleManager: Shutting down and abandoning module HotReload (323)
[2020.05.21-18.04.17:968][375]LogModuleManager: Shutting down and abandoning module DirectoryWatcher (322)
[2020.05.21-18.04.17:968][375]LogModuleManager: Shutting down and abandoning module VisualStudioCodeSourceCodeAccess (318)
[2020.05.21-18.04.17:968][375]LogModuleManager: Shutting down and abandoning module UObjectPlugin (316)
[2020.05.21-18.04.17:968][375]LogModuleManager: Shutting down and abandoning module SubversionSourceControl (314)
[2020.05.21-18.04.17:968][375]LogModuleManager: Shutting down and abandoning module PerforceSourceControl (312)
[2020.05.21-18.04.17:968][375]LogModuleManager: Shutting down and abandoning module SourceControl (311)
[2020.05.21-18.04.17:968][375]LogModuleManager: Shutting down and abandoning module CLionSourceCodeAccess (308)
[2020.05.21-18.04.17:968][375]LogModuleManager: Shutting down and abandoning module ActorLayerUtilities (306)
[2020.05.21-18.04.17:968][375]LogModuleManager: Shutting down and abandoning module AdvancedSteamSessions (304)
[2020.05.21-18.04.17:968][375]LogModuleManager: Shutting down and abandoning module AdvancedSessions (302)
[2020.05.21-18.04.17:968][375]LogModuleManager: Shutting down and abandoning module SignificanceManager (300)
[2020.05.21-18.04.17:968][375]LogModuleManager: Shutting down and abandoning module RuntimePhysXCooking (298)
[2020.05.21-18.04.17:968][375]LogModuleManager: Shutting down and abandoning module PhysXVehiclesEditor (296)
[2020.05.21-18.04.17:968][375]LogModuleManager: Shutting down and abandoning module LocationServicesBPLibrary (292)
[2020.05.21-18.04.17:968][375]LogModuleManager: Shutting down and abandoning module ActorSequence (290)
[2020.05.21-18.04.17:968][375]LogModuleManager: Shutting down and abandoning module UdpMessaging (288)
[2020.05.21-18.04.18:068][375]LogModuleManager: Shutting down and abandoning module TcpMessaging (286)
[2020.05.21-18.04.18:618][375]LogModuleManager: Shutting down and abandoning module MagicLeapPrivileges (284)
[2020.05.21-18.04.18:618][375]LogModuleManager: Shutting down and abandoning module MagicLeapPlanes (282)
[2020.05.21-18.04.18:618][375]LogMagicLeapPlanes: Planes tracker already destroyed.
[2020.05.21-18.04.18:618][375]LogModuleManager: Shutting down and abandoning module MagicLeapIdentity (280)
[2020.05.21-18.04.18:618][375]LogModuleManager: Shutting down and abandoning module MagicLeapSecureStorage (278)
[2020.05.21-18.04.18:618][375]LogModuleManager: Shutting down and abandoning module MagicLeapImageTracker (276)
[2020.05.21-18.04.18:618][375]LogModuleManager: Shutting down and abandoning module MagicLeapHandTracking (274)
[2020.05.21-18.04.18:618][375]LogModuleManager: Shutting down and abandoning module MagicLeapHandMeshing (272)
[2020.05.21-18.04.18:618][375]LogModuleManager: Shutting down and abandoning module MagicLeapEyeTracker (270)
[2020.05.21-18.04.18:618][375]LogModuleManager: Shutting down and abandoning module MagicLeapController (268)
[2020.05.21-18.04.18:619][375]LogSlate: Slate User Destroyed.  User Index 0, Is Virtual User: 0
[2020.05.21-18.04.18:619][375]LogModuleManager: Shutting down and abandoning module MagicLeapARPin (266)
[2020.05.21-18.04.18:619][375]LogModuleManager: Shutting down and abandoning module MagicLeapAR (264)
[2020.05.21-18.04.18:619][375]LogModuleManager: Shutting down and abandoning module AugmentedReality (263)
[2020.05.21-18.04.18:619][375]LogModuleManager: Shutting down and abandoning module GameplayTagsEditor (260)
[2020.05.21-18.04.18:619][375]LogModuleManager: Shutting down and abandoning module FacialAnimation (258)
[2020.05.21-18.04.18:619][375]LogModuleManager: Shutting down and abandoning module AssetManagerEditor (256)
[2020.05.21-18.04.18:619][375]LogModuleManager: Shutting down and abandoning module TreeMap (255)
[2020.05.21-18.04.18:619][375]LogModuleManager: Shutting down and abandoning module AnimationSharing (252)
[2020.05.21-18.04.18:619][375]LogModuleManager: Shutting down and abandoning module LightPropagationVolumeRuntime (250)
[2020.05.21-18.04.18:619][375]LogModuleManager: Shutting down and abandoning module Paper2D (248)
[2020.05.21-18.04.18:619][375]LogModuleManager: Shutting down and abandoning module WindowsMoviePlayer (246)
[2020.05.21-18.04.18:619][375]LogModuleManager: Shutting down and abandoning module WebMMoviePlayer (244)
[2020.05.21-18.04.18:619][375]LogModuleManager: Shutting down and abandoning module NetworkReplayStreaming (242)
[2020.05.21-18.04.18:620][375]LogModuleManager: Shutting down and abandoning module PacketHandler (240)
[2020.05.21-18.04.18:620][375]LogModuleManager: Shutting down and abandoning module ClothingSystemEditor (238)
[2020.05.21-18.04.18:620][375]LogModuleManager: Shutting down and abandoning module ClothingSystemRuntimeNv (236)
[2020.05.21-18.04.18:620][375]LogModuleManager: Shutting down and abandoning module MediaAssets (234)
[2020.05.21-18.04.18:620][375]LogModuleManager: Shutting down and abandoning module Overlay (232)
[2020.05.21-18.04.18:620][375]LogModuleManager: Shutting down and abandoning module OverlayEditor (231)
[2020.05.21-18.04.18:620][375]LogModuleManager: Shutting down and abandoning module VREditor (228)
[2020.05.21-18.04.18:620][375]LogModuleManager: Shutting down and abandoning module StringTableEditor (226)
[2020.05.21-18.04.18:620][375]LogModuleManager: Shutting down and abandoning module GameplayTasksEditor (224)
[2020.05.21-18.04.18:620][375]LogModuleManager: Shutting down and abandoning module BehaviorTreeEditor (222)
[2020.05.21-18.04.18:620][375]LogModuleManager: Shutting down and abandoning module FunctionalTesting (220)
[2020.05.21-18.04.18:620][375]LogModuleManager: Shutting down and abandoning module CollisionAnalyzer (218)
[2020.05.21-18.04.18:620][375]LogModuleManager: Shutting down and abandoning module WorkspaceMenuStructure (217)
[2020.05.21-18.04.18:620][375]LogModuleManager: Shutting down and abandoning module UMG (214)
[2020.05.21-18.04.18:620][375]LogModuleManager: Shutting down and abandoning module UMGEditor (213)
[2020.05.21-18.04.18:620][375]LogModuleManager: Shutting down and abandoning module Sequencer (212)
[2020.05.21-18.04.18:620][375]LogModuleManager: Shutting down and abandoning module MessageLog (209)
[2020.05.21-18.04.18:621][375]LogModuleManager: Shutting down and abandoning module SlateReflector (204)
[2020.05.21-18.04.18:621][375]LogModuleManager: Shutting down and abandoning module Slate (202)
[2020.05.21-18.04.18:621][375]LogModuleManager: Shutting down and abandoning module SlateCore (200)
[2020.05.21-18.04.18:621][375]LogModuleManager: Shutting down and abandoning module LandscapeEditorUtilities (198)
[2020.05.21-18.04.18:621][375]LogModuleManager: Shutting down and abandoning module EditorStyle (196)
[2020.05.21-18.04.18:622][375]LogModuleManager: Shutting down and abandoning module UnrealEd (194)
[2020.05.21-18.04.18:622][375]LogModuleManager: Shutting down and abandoning module MRMesh (192)
[2020.05.21-18.04.18:622][375]LogModuleManager: Shutting down and abandoning module Messaging (190)
[2020.05.21-18.04.18:622][375]LogModuleManager: Shutting down and abandoning module SourceCodeAccess (188)
[2020.05.21-18.04.18:623][375]LogModuleManager: Shutting down and abandoning module HeadMountedDisplay (186)
[2020.05.21-18.04.18:623][375]LogModuleManager: Shutting down and abandoning module XAudio2 (184)
[2020.05.21-18.04.18:623][375]LogModuleManager: Shutting down and abandoning module Networking (182)
[2020.05.21-18.04.18:623][375]LogModuleManager: Shutting down and abandoning module Core (180)
[2020.05.21-18.04.18:623][375]LogModuleManager: Shutting down and abandoning module MovieSceneTools (178)
[2020.05.21-18.04.18:623][375]LogModuleManager: Shutting down and abandoning module KismetCompiler (176)
[2020.05.21-18.04.18:623][375]LogModuleManager: Shutting down and abandoning module MeshUtilities (174)
[2020.05.21-18.04.18:623][375]LogModuleManager: Shutting down and abandoning module MeshMergeUtilities (173)
[2020.05.21-18.04.18:623][375]LogModuleManager: Shutting down and abandoning module MeshReductionInterface (172)
[2020.05.21-18.04.18:623][375]LogModuleManager: Shutting down and abandoning module MeshBoneReduction (171)
[2020.05.21-18.04.18:623][375]LogModuleManager: Shutting down and abandoning module SkeletalMeshReduction (169)
[2020.05.21-18.04.18:623][375]LogModuleManager: Shutting down and abandoning module ProxyLODMeshReduction (167)
[2020.05.21-18.04.18:623][375]LogModuleManager: Shutting down and abandoning module QuadricMeshReduction (165)
[2020.05.21-18.04.18:623][375]LogModuleManager: Shutting down and abandoning module MaterialBaking (161)
[2020.05.21-18.04.18:623][375]LogModuleManager: Shutting down and abandoning module NullInstallBundleManager (156)
[2020.05.21-18.04.18:623][375]LogModuleManager: Shutting down and abandoning module PIEPreviewDeviceProfileSelector (154)
[2020.05.21-18.04.18:623][375]LogModuleManager: Shutting down and abandoning module DerivedDataCache (152)
[2020.05.21-18.04.18:623][375]LogDerivedDataCache: Shutdown
[2020.05.21-18.04.18:623][375]LogModuleManager: Shutting down and abandoning module XGEController (150)
[2020.05.21-18.04.18:623][375]LogModuleManager: Shutting down and abandoning module TargetPlatform (148)
[2020.05.21-18.04.18:623][375]LogModuleManager: Shutting down and abandoning module VulkanShaderFormat (147)
[2020.05.21-18.04.18:623][375]LogModuleManager: Shutting down and abandoning module ShaderFormatVectorVM (145)
[2020.05.21-18.04.18:623][375]LogModuleManager: Shutting down and abandoning module ShaderFormatOpenGL (143)
[2020.05.21-18.04.18:623][375]LogModuleManager: Shutting down and abandoning module ShaderFormatD3D (141)
[2020.05.21-18.04.18:623][375]LogModuleManager: Shutting down and abandoning module MetalShaderFormat (139)
[2020.05.21-18.04.18:624][375]LogModuleManager: Shutting down and abandoning module TextureFormatUncompressed (137)
[2020.05.21-18.04.18:624][375]LogModuleManager: Shutting down and abandoning module TextureFormatPVR (135)
[2020.05.21-18.04.18:624][375]LogModuleManager: Shutting down and abandoning module TextureFormatDXT (133)
[2020.05.21-18.04.18:624][375]LogModuleManager: Shutting down and abandoning module TextureFormatIntelISPCTexComp (131)
[2020.05.21-18.04.18:624][375]LogModuleManager: Shutting down and abandoning module TextureFormatASTC (129)
[2020.05.21-18.04.18:624][375]LogModuleManager: Shutting down and abandoning module ImageWrapper (128)
[2020.05.21-18.04.18:624][375]LogModuleManager: Shutting down and abandoning module TextureFormatAndroid (125)
[2020.05.21-18.04.18:624][375]LogModuleManager: Shutting down and abandoning module AudioFormatOpus (123)
[2020.05.21-18.04.18:624][375]LogModuleManager: Shutting down and abandoning module AudioFormatOgg (121)
[2020.05.21-18.04.18:624][375]LogModuleManager: Shutting down and abandoning module AudioFormatADPCM (119)
[2020.05.21-18.04.18:624][375]LogModuleManager: Shutting down and abandoning module WindowsServerTargetPlatform (117)
[2020.05.21-18.04.18:624][375]LogModuleManager: Shutting down and abandoning module WindowsClientTargetPlatform (115)
[2020.05.21-18.04.18:624][375]LogModuleManager: Shutting down and abandoning module WindowsTargetPlatform (113)
[2020.05.21-18.04.18:624][375]LogModuleManager: Shutting down and abandoning module WindowsNoEditorTargetPlatform (111)
[2020.05.21-18.04.18:624][375]LogModuleManager: Shutting down and abandoning module InputCore (108)
[2020.05.21-18.04.18:624][375]LogModuleManager: Shutting down and abandoning module Settings (106)
[2020.05.21-18.04.18:624][375]LogModuleManager: Shutting down and abandoning module PhysXCooking (104)
[2020.05.21-18.04.18:624][375]LogModuleManager: Shutting down and abandoning module ChaosSolvers (102)
[2020.05.21-18.04.18:624][375]LogModuleManager: Shutting down and abandoning module FieldSystemEngine (101)
[2020.05.21-18.04.18:624][375]LogModuleManager: Shutting down and abandoning module Chaos (98)
[2020.05.21-18.04.18:624][375]LogModuleManager: Shutting down and abandoning module WindowsPlatformFeatures (96)
[2020.05.21-18.04.18:624][375]LogModuleManager: Shutting down and abandoning module GameplayMediaEncoder (95)
[2020.05.21-18.04.18:624][375]LogModuleManager: Shutting down and abandoning module SteamVRInputDevice (92)
[2020.05.21-18.04.18:624][375]LogModuleManager: Shutting down and abandoning module SteamVRInput (90)
[2020.05.21-18.04.18:624][375]LogModuleManager: Shutting down and abandoning module SteamVR (88)
[2020.05.21-18.04.18:625][375]LogHMD: Freeing OpenVRDLLHandle.
[2020.05.21-18.04.18:625][375]LogModuleManager: Shutting down and abandoning module OculusHMD (86)
[2020.05.21-18.04.18:625][375]LogModuleManager: Shutting down and abandoning module ExampleDeviceProfileSelector (84)
[2020.05.21-18.04.18:625][375]LogModuleManager: Shutting down and abandoning module LauncherChunkInstaller (82)
[2020.05.21-18.04.18:625][375]LogModuleManager: Shutting down and abandoning module OnlineBlueprintSupport (80)
[2020.05.21-18.04.18:625][375]LogModuleManager: Shutting down and abandoning module OnlineSubsystem (76)
[2020.05.21-18.04.18:626][375]LogModuleManager: Shutting down and abandoning module SteamShared (70)
[2020.05.21-18.04.18:626][375]LogSteamShared: Freeing the Steam Loaded Modules...
[2020.05.21-18.04.18:626][375]LogModuleManager: Shutting down and abandoning module XMPP (67)
[2020.05.21-18.04.18:626][375]LogModuleManager: Shutting down and abandoning module WebSockets (66)
[2020.05.21-18.04.18:652][375]LogModuleManager: Shutting down and abandoning module HTTP (63)
[2020.05.21-18.04.18:676][375]LogModuleManager: Shutting down and abandoning module SSL (62)
[2020.05.21-18.04.18:677][375]LogModuleManager: Shutting down and abandoning module WmfMedia (58)
[2020.05.21-18.04.18:678][375]LogModuleManager: Shutting down and abandoning module Media (57)
[2020.05.21-18.04.18:678][375]LogModuleManager: Shutting down and abandoning module MagicLeap (54)
[2020.05.21-18.04.18:678][375]LogModuleManager: Shutting down and abandoning module VariantManagerContent (52)
[2020.05.21-18.04.18:678][375]LogModuleManager: Shutting down and abandoning module DatasmithContent (50)
[2020.05.21-18.04.18:678][375]LogModuleManager: Shutting down and abandoning module AISupportModule (48)
[2020.05.21-18.04.18:678][375]LogModuleManager: Shutting down and abandoning module DesktopPlatform (46)
[2020.05.21-18.04.18:678][375]LogModuleManager: Shutting down and abandoning module PlatformCryptoOpenSSL (44)
[2020.05.21-18.04.18:678][375]LogModuleManager: Shutting down and abandoning module PlatformCryptoTypes (42)
[2020.05.21-18.04.18:678][375]LogModuleManager: Shutting down and abandoning module PlatformCrypto (40)
[2020.05.21-18.04.18:678][375]LogModuleManager: Shutting down and abandoning module AnimationModifiers (38)
[2020.05.21-18.04.18:678][375]LogModuleManager: Shutting down and abandoning module PropertyEditor (37)
[2020.05.21-18.04.18:678][375]LogModuleManager: Shutting down and abandoning module AudioEditor (34)
[2020.05.21-18.04.18:679][375]LogModuleManager: Shutting down and abandoning module TextureCompressor (32)
[2020.05.21-18.04.18:679][375]LogModuleManager: Shutting down and abandoning module RenderCore (30)
[2020.05.21-18.04.18:679][375]LogModuleManager: Shutting down and abandoning module Landscape (28)
[2020.05.21-18.04.18:679][375]LogModuleManager: Shutting down and abandoning module SlateRHIRenderer (26)
[2020.05.21-18.04.18:679][375]LogModuleManager: Shutting down and abandoning module OpenGLDrv (24)
[2020.05.21-18.04.18:679][375]LogModuleManager: Shutting down and abandoning module D3D11RHI (22)
[2020.05.21-18.04.18:679][375]LogModuleManager: Shutting down and abandoning module AnimGraphRuntime (20)
[2020.05.21-18.04.18:679][375]LogModuleManager: Shutting down and abandoning module Renderer (18)
[2020.05.21-18.04.18:679][375]LogModuleManager: Shutting down and abandoning module Engine (16)
[2020.05.21-18.04.18:679][375]LogModuleManager: Shutting down and abandoning module CoreUObject (14)
[2020.05.21-18.04.18:679][375]LogModuleManager: Shutting down and abandoning module NetworkFile (12)
[2020.05.21-18.04.18:679][375]LogModuleManager: Shutting down and abandoning module CookedIterativeFile (10)
[2020.05.21-18.04.18:679][375]LogModuleManager: Shutting down and abandoning module StreamingFile (8)
[2020.05.21-18.04.18:679][375]LogModuleManager: Shutting down and abandoning module SandboxFile (6)
[2020.05.21-18.04.18:679][375]LogModuleManager: Shutting down and abandoning module PakFile (4)
[2020.05.21-18.04.18:679][375]LogModuleManager: Shutting down and abandoning module RSA (3)
[2020.05.21-18.04.18:679][375]LogD3D11RHI: Shutdown
[2020.05.21-18.04.18:679][375]LogD3D11RHI: CleanupD3DDevice
[2020.05.21-18.04.18:686][375]LogExit: Exiting.
[2020.05.21-18.04.18:694][375]Log file closed, 05/21/20 14:04:18
